

***********************************************************************
Fatal NI connect error 12560, connecting to:
 (DESCRIPTION=(ADDRESS=(PROTOCOL=BEQ)(PROGRAM=oracle)(ARGV0=oracleORCL)(ARGS='(DESCRIPTION=(LOCAL=YES)(ADDRESS=(PROTOCOL=beq)))'))(CONNECT_DATA=(SID=ORCL)(CID=(PROGRAM=C:\Users\student\source\repos\Bb\x64\Release\Bb.exe)(HOST=WIN-E5ECNTE6TV4)(USER=student))))

  VERSION INFORMATION:
	TNS for 64-bit Windows: Version 10.2.0.5.0 - Production
	Oracle Bequeath NT Protocol Adapter for 64-bit Windows: Version 10.2.0.5.0 - Production
  Time: 30-JAN-2020 09:41:39
  Tracing not turned on.
  Tns error struct:
    ns main err code: 12560
    TNS-12560: Message 12560 not found; No message file for product=NETWORK, facility=TNS
    ns secondary err code: 0
    nt main err code: 530
    TNS-00530: Message 530 not found; No message file for product=NETWORK, facility=TNS
    nt secondary err code: 126
    nt OS err code: 0


***********************************************************************
Fatal NI connect error 12560, connecting to:
 (DESCRIPTION=(ADDRESS=(PROTOCOL=BEQ)(PROGRAM=oracle)(ARGV0=oracleORCL)(ARGS='(DESCRIPTION=(LOCAL=YES)(ADDRESS=(PROTOCOL=beq)))'))(CONNECT_DATA=(SID=ORCL)(CID=(PROGRAM=C:\Users\student\source\repos\Bb\x64\Release\Bb.exe)(HOST=WIN-E5ECNTE6TV4)(USER=student))))

  VERSION INFORMATION:
	TNS for 64-bit Windows: Version 10.2.0.5.0 - Production
	Oracle Bequeath NT Protocol Adapter for 64-bit Windows: Version 10.2.0.5.0 - Production
  Time: 30-JAN-2020 09:41:53
  Tracing not turned on.
  Tns error struct:
    ns main err code: 12560
    TNS-12560: Message 12560 not found; No message file for product=NETWORK, facility=TNS
    ns secondary err code: 0
    nt main err code: 530
    TNS-00530: Message 530 not found; No message file for product=NETWORK, facility=TNS
    nt secondary err code: 126
    nt OS err code: 0


***********************************************************************
Fatal NI connect error 12560, connecting to:
 (DESCRIPTION=(ADDRESS=(PROTOCOL=BEQ)(PROGRAM=oracle)(ARGV0=oracleORCL)(ARGS='(DESCRIPTION=(LOCAL=YES)(ADDRESS=(PROTOCOL=beq)))'))(CONNECT_DATA=(SID=ORCL)(CID=(PROGRAM=C:\Users\student\source\repos\Bb\x64\Release\Bb.exe)(HOST=WIN-E5ECNTE6TV4)(USER=student))))

  VERSION INFORMATION:
	TNS for 64-bit Windows: Version 10.2.0.5.0 - Production
	Oracle Bequeath NT Protocol Adapter for 64-bit Windows: Version 10.2.0.5.0 - Production
  Time: 30-JAN-2020 09:51:21
  Tracing not turned on.
  Tns error struct:
    ns main err code: 12560
    TNS-12560: Message 12560 not found; No message file for product=NETWORK, facility=TNS
    ns secondary err code: 0
    nt main err code: 530
    TNS-00530: Message 530 not found; No message file for product=NETWORK, facility=TNS
    nt secondary err code: 126
    nt OS err code: 0


***********************************************************************
Fatal NI connect error 12560, connecting to:
 (DESCRIPTION=(ADDRESS=(PROTOCOL=BEQ)(PROGRAM=oracle)(ARGV0=oracleORCL)(ARGS='(DESCRIPTION=(LOCAL=YES)(ADDRESS=(PROTOCOL=beq)))'))(CONNECT_DATA=(SID=ORCL)(CID=(PROGRAM=C:\Users\student\source\repos\Bb\x64\Release\Bb.exe)(HOST=WIN-E5ECNTE6TV4)(USER=student))))

  VERSION INFORMATION:
	TNS for 64-bit Windows: Version 10.2.0.5.0 - Production
	Oracle Bequeath NT Protocol Adapter for 64-bit Windows: Version 10.2.0.5.0 - Production
  Time: 30-JAN-2020 09:51:28
  Tracing not turned on.
  Tns error struct:
    ns main err code: 12560
    TNS-12560: Message 12560 not found; No message file for product=NETWORK, facility=TNS
    ns secondary err code: 0
    nt main err code: 530
    TNS-00530: Message 530 not found; No message file for product=NETWORK, facility=TNS
    nt secondary err code: 126
    nt OS err code: 0


***********************************************************************
Fatal NI connect error 12560, connecting to:
 (DESCRIPTION=(ADDRESS=(PROTOCOL=BEQ)(PROGRAM=oracle)(ARGV0=oracleORCL)(ARGS='(DESCRIPTION=(LOCAL=YES)(ADDRESS=(PROTOCOL=beq)))'))(CONNECT_DATA=(SID=ORCL)(CID=(PROGRAM=C:\Users\student\source\repos\Bb\x64\Release\Bb.exe)(HOST=WIN-E5ECNTE6TV4)(USER=student))))

  VERSION INFORMATION:
	TNS for 64-bit Windows: Version 10.2.0.5.0 - Production
	Oracle Bequeath NT Protocol Adapter for 64-bit Windows: Version 10.2.0.5.0 - Production
  Time: 30-JAN-2020 09:52:08
  Tracing not turned on.
  Tns error struct:
    ns main err code: 12560
    TNS-12560: Message 12560 not found; No message file for product=NETWORK, facility=TNS
    ns secondary err code: 0
    nt main err code: 530
    TNS-00530: Message 530 not found; No message file for product=NETWORK, facility=TNS
    nt secondary err code: 126
    nt OS err code: 0
